21	62	2
100	79	2
73	98	2
54	39	2
86	51	2
67	36	2
87	39	2
51	21	3
45	63	3
79	51	4
54	89	4
63	41	4
83	87	4
89	33	4
42	47	4
9	64	4
80	25	4
54	22	4
51	31	5
32	34	5
93	62	6
87	85	6
58	4	6
26	69	6
65	91	6
20	20	6
24	81	6
1	5	6
38	74	6
71	3	6
63	76	6
74	73	6
19	27	6
61	10	6
94	57	6
50	18	6
83	9	6
14	78	6
27	83	6
12	24	6
83	88	6
50	11	6
68	92	6
97	54	6
38	43	6
97	35	6
63	2	6
14	24	6
61	10	6
69	23	6
53	85	6
66	36	6
61	29	6
49	71	6
3	29	6
18	12	6
23	89	6
72	9	6
87	14	6
66	92	6
90	43	6
37	51	7
100	88	7
55	57	7
77	29	7
25	89	7
51	99	8
3	54	8
21	45	9
57	59	9
34	32	9
29	60	9
64	64	9
6	34	9
31	39	10
85	35	10
27	52	10
22	32	10
87	42	10
18	65	10
44	51	11
55	74	11
71	28	11
60	64	11
8	35	11
44	32	12
59	98	12
74	93	13
78	52	13
48	83	13
69	11	13
18	6	13
15	29	13
60	94	13
92	92	13
74	45	13
69	7	13
59	51	14
31	19	15
8	86	15
89	50	15
67	68	15
80	35	15
3	27	15
95	17	15
72	15	15
1	33	15
51	14	16
7	1	16
72	62	17
35	28	17
29	11	17
67	84	17
11	78	17
76	15	17
30	87	17
37	6	18
12	46	18
90	11	18
63	35	18
70	54	18
100	17	18
79	5	19
73	26	19
62	18	20
52	8	20
80	18	21
76	46	21
25	41	21
95	80	22
74	66	23
86	22	23
37	10	24
97	6	25
95	12	26
18	20	27
34	35	27
34	13	27
54	26	27
96	67	27
11	10	28
55	38	28
70	22	28
37	76	29
19	22	30
51	57	31
98	9	31
92	85	31
67	77	31
57	93	31
15	1	31
1	86	31
29	10	32
6	14	32
63	2	32
90	11	33
40	15	33
52	80	34
43	44	35
51	9	36
43	31	36
35	33	36
41	8	36
1	70	36
29	84	37
79	75	38
24	42	38
53	91	38
8	99	39
40	7	39
3	18	40
55	35	40
47	6	41
41	58	41
52	14	41
1	50	41
15	30	41
74	72	41
52	80	41
38	26	41
16	92	41
19	70	42
77	39	43
52	73	44
18	75	44
59	69	45
32	80	45
62	15	46
27	56	46
67	6	47
56	97	48
26	19	49
3	29	49
79	18	49
34	19	50
54	69	51
7	23	51
26	77	51
25	77	52
69	36	53
3	7	54
24	96	54
69	40	55
90	95	55
19	10	55
16	66	56
92	59	57
90	80	57
22	61	58
27	33	58
81	12	59
40	40	59
27	34	60
95	79	60
59	85	61
83	52	62
79	87	63
29	81	63
20	88	64
96	4	64
11	21	64
49	85	65
72	70	65
67	69	65
79	43	65
49	92	65
18	95	65
9	7	65
77	5	65
13	87	66
51	90	66
42	87	67
84	20	67
87	74	67
74	23	68
94	17	68
35	65	68
13	6	68
19	26	68
29	75	68
2	66	69
66	30	70
6	4	71
25	25	71
53	87	72
61	16	72
46	85	73
83	33	74
68	14	75
19	76	75
87	90	75
44	46	75
52	18	75
83	6	75
62	71	76
85	8	76
93	92	76
70	44	76
49	15	76
65	29	77
25	88	77
19	36	77
56	64	78
74	38	79
88	59	79
56	63	80
53	34	80
88	99	80
6	60	81
44	74	81
22	83	81
93	51	81
66	53	81
26	55	82
99	19	82
25	5	82
78	70	83
59	57	83
29	74	83
72	36	83
89	28	83
19	84	83
53	6	83
41	5	84
56	99	84
5	56	84
39	94	85
81	41	85
47	63	85
81	83	85
47	94	85
91	39	86
11	12	86
72	98	87
87	46	87
64	13	87
1	77	88
19	71	88
31	66	88
31	5	88
56	68	88
25	10	88
45	77	88
88	43	88
2	5	88
71	10	88
43	45	88
55	4	88
59	27	88
24	51	89
75	51	89
68	73	89
41	65	89
11	93	89
65	30	89
87	50	90
76	16	90
13	65	90
68	14	90
28	55	91
87	16	91
83	79	91
29	33	91
15	46	91
52	11	91
9	98	91
59	86	92
87	60	92
56	1	92
27	26	92
90	1	92
17	24	93
39	85	93
63	93	93
10	7	93
6	89	94
61	93	94
89	71	94
35	10	95
88	88	95
65	33	95
71	93	95
38	42	95
74	11	95
51	96	96
2	33	96
83	73	96
28	85	96
8	94	96
83	66	96
3	32	96
97	98	96
22	86	96
26	85	96
67	98	96
17	94	96
1	80	96
93	56	96
80	33	96
44	40	96
63	30	96
68	84	96
96	60	96
60	42	96
12	14	96
53	81	96
7	81	96
65	20	96
5	75	96
76	40	96
68	59	96
62	47	96
77	45	96
36	56	96
50	2	96
34	64	96
16	41	96
63	90	96
58	14	97
74	40	97
61	54	97
71	28	97
59	73	97
58	77	97
90	73	97
48	17	98
24	98	98
38	22	98
39	76	98
66	67	98
28	4	98
78	12	98
54	26	98
91	85	98
31	41	98
45	7	98
78	3	98
88	60	98
34	27	98
35	27	98
40	85	98
60	19	98
7	20	98
94	84	98
59	85	98
40	67	98
85	21	98
39	31	98
98	38	98
77	75	98
31	95	98
84	70	98
38	54	98
55	86	98
64	86	98
22	45	98
93	3	98
26	39	98
22	85	98
17	19	98
68	19	98
81	24	98
58	18	98
14	77	98
74	54	98
1	87	98
64	59	98
63	16	98
60	63	98
41	68	98
90	81	98
84	57	98
83	76	98
51	30	98
35	75	98
47	54	98
34	72	98
78	18	98
45	28	98
80	34	98
2	59	98
18	97	98
21	76	98
64	8	98
92	87	98
18	53	98
17	24	98
21	65	98
82	29	99
76	58	99
1	67	99
40	22	99
53	52	99
39	8	99
6	71	99
90	81	99
41	77	99
60	40	99
28	68	99
14	93	99
82	31	99
40	41	99
33	13	99
74	15	99
4	16	99
40	99	99
66	49	99
53	41	99
14	44	99
86	25	99
68	17	99
89	78	99
68	30	99
94	54	99
9	80	99
16	34	99
32	77	99
9	50	99
26	55	99
65	17	99
72	89	99
93	68	99
12	5	99
92	48	99
79	22	99
43	78	99
91	55	99
92	32	99
27	40	99
48	13	99
35	84	99
22	12	99
100	58	100
31	54	100
65	4	100
71	83	100
25	44	100
60	61	100
37	9	100
7	39	100
3	43	100
59	83	100
22	69	100
38	42	100
40	7	100
67	10	100
57	61	100
39	86	100
84	80	100
99	61	100
23	39	100
69	30	100
19	2	100
91	72	100
32	24	100
75	39	100
73	35	100
20	63	100
65	49	100
99	35	100
46	93	100
20	83	100
6	80	100
3	8	100
28	49	100
33	40	100
68	76	100
46	51	100
25	96	100
29	9	100
25	78	100
18	94	100
86	22	100
76	41	100
29	18	100
26	88	100
47	62	100
95	43	100
60	35	100
7	19	100
12	77	100
21	51	100
7	80	100
63	7	100
34	30	100
39	33	100
74	96	100
13	50	100
97	100	100
91	16	100
75	49	100
65	10	100
74	97	100
78	95	100
82	26	100
55	68	100
53	22	100
49	47	100
17	97	100
59	74	100
81	80	100
17	24	100
32	88	100
9	54	100
23	42	100
99	39	100
81	55	100
6	76	100
12	68	100
76	25	100
41	45	100
46	7	100
11	91	100
64	89	100
67	100	100
35	98	100
96	55	100
3	89	100
69	17	100
14	63	100
21	62	100
4	70	100
59	57	100
35	53	100
5	69	100
31	48	100
92	89	100
11	67	100
89	87	100
58	30	100
31	12	100
17	34	100
13	95	100
63	66	100
39	35	100
41	28	100
41	42	100
38	64	100
5	12	100
88	85	100
2	75	100
8	57	100
22	62	100
100	25	100
54	18	100
91	89	100
87	58	100
59	3	100
91	98	100
63	61	100
13	71	100
32	94	100
98	36	100
78	32	100
21	61	100
68	54	100
35	7	100
7	41	100
52	52	100
23	5	100
84	60	100
83	100	100
96	75	100
34	30	100
69	91	100
88	65	100
31	49	100
74	70	100
51	16	100
73	56	100
73	90	100
3	56	100
10	66	100
85	88	100
79	61	100
78	78	100
95	78	100
90	64	100
36	69	100
61	94	100
30	60	100
28	14	100
61	37	100
76	64	100
1	98	100
15	31	100
70	32	100
86	82	100
1	22	100
36	83	100
52	56	100
83	68	100
25	39	100
39	17	100
36	64	100
63	42	100
35	59	100
83	56	100
63	44	100
89	56	100
57	50	100
86	50	100
66	38	100
38	76	100
30	81	100
91	51	100
29	22	100
53	46	100
60	83	100
96	100	100
62	49	100
5	69	100
32	50	100
51	47	100
16	85	100
67	55	100
89	84	100
49	70	100
74	59	100
40	42	100
19	11	100
10	12	100
78	25	100
75	27	100
72	57	100
97	27	100
93	43	100
73	91	100
34	78	100
60	75	100
16	33	100
96	53	100
54	97	100
22	63	100
15	87	100
91	34	100
75	79	100
29	79	100
97	81	100
18	85	100
69	27	100
70	17	100
6	47	100
86	61	100
67	15	100
59	75	100
18	91	100
71	94	100
70	43	100
8	41	100
69	40	100
21	18	100
21	43	100
58	83	100
4	88	100
15	38	100
6	14	100
71	65	100
62	2	100
64	36	100
5	9	100
17	100	100
44	37	100
13	75	100
48	34	100
44	40	100
100	45	100
54	39	100
69	90	100
94	24	100
2	35	100
7	79	100
94	55	100
18	5	100
77	28	100
19	93	100
51	55	100
67	10	100
50	30	100
74	36	100
4	57	100
7	7	100
59	79	100
12	87	100
95	28	100
34	91	100
45	84	100
19	75	100
66	89	100
63	33	100
62	19	100
77	2	100
93	9	100
93	55	100
5	41	100
63	94	100
55	15	100
47	17	100
31	62	100
36	52	100
37	18	100
53	56	100
46	17	100
50	30	100
99	58	100
41	37	100
9	4	100
81	30	100
70	19	100
55	95	100
62	88	100
41	69	100
82	38	100
41	91	100
35	46	100
69	95	100
61	83	100
45	10	100
91	95	100
95	75	100
96	12	100
55	41	100
97	84	100
72	41	100
52	5	100
95	42	100
92	62	100
41	42	100
3	13	100
68	55	100
41	47	100
63	99	100
71	75	100
7	47	100
24	53	100
97	76	100
36	49	100
97	53	100
76	89	100
38	44	100
14	84	100
60	1	100
54	85	100
64	56	100
67	89	100
25	39	100
22	75	100
93	42	100
78	56	100
9	62	100
36	52	100
62	55	100
51	100	100
46	97	100
31	23	100
1	84	100
44	2	100
36	82	100
34	62	100
25	15	100
43	94	100
42	74	100
61	89	100
94	36	100
33	76	100
25	27	100
6	41	100
42	85	100
5	53	100
23	80	100
97	3	100
15	100	100
3	31	100
16	7	100
66	77	100
74	98	100
62	79	100
33	78	100
57	39	100
13	19	100
41	94	100
19	98	100
80	2	100
33	30	100
16	98	100
49	1	100
19	99	100
19	70	100
48	75	100
33	1	100
48	76	100
69	37	100
16	21	100
83	28	100
29	62	100
98	74	100
1	4	100
91	20	100
72	93	100
88	79	100
44	87	100
25	69	100
98	63	100
3	26	100
53	5	100
1	65	100
60	26	100
67	22	100
73	13	100
33	67	100
38	55	100
1	3	100
57	99	100
30	58	100
12	82	100
70	26	100
26	16	100
68	87	100
91	26	100
20	2	100
28	84	100
91	65	100
71	52	100
34	38	100
41	94	100
5	28	100
91	71	100
81	60	100
27	79	100
17	12	100
4	89	100
97	91	100
63	2	100
44	34	100
78	68	100
83	81	100
57	93	100
33	73	100
15	63	100
76	49	100
8	25	100
67	96	100
21	30	100
98	50	100
33	93	100
67	81	100
54	10	100
86	63	100
21	4	100
81	36	100
71	81	100
8	64	100
50	35	100
30	96	100
67	3	100
14	55	100
79	31	100
64	11	100
47	69	100
75	68	100
37	14	100
29	44	100
11	59	100
27	95	100
12	82	100
85	45	100
86	12	100
48	78	100
60	57	100
17	80	100
83	100	100
25	72	100
35	92	100
1	64	100
59	68	100
25	62	100
4	22	100
6	49	100
61	53	100
43	9	100
57	52	100
75	49	100
27	20	100
97	53	100
56	5	100
98	8	100
34	6	100
97	56	100
46	9	100
35	20	100
94	62	100
72	76	100
29	67	100
86	21	100
27	25	100
45	59	100
1	74	100
65	95	100
65	74	100
41	30	100
84	26	100
29	30	100
82	67	100
83	43	100
79	48	100
11	72	100
67	85	100
43	88	100
21	74	100
30	37	100
31	58	100
42	20	100
10	41	100
14	71	100
11	64	100
80	88	100
70	49	100
38	19	100
99	6	100
5	98	100
32	100	100
54	80	100
60	27	100
100	37	100
35	39	100
87	4	100
59	70	100
46	9	100
62	14	100
19	8	100
69	84	100
54	65	100
20	40	100
56	15	100
56	74	100
72	8	100
38	37	100
12	40	100
43	95	100
12	78	100
